<?xml version="1.0" encoding="utf-8"?><testsuites name="pytest tests"><testsuite name="pytest" errors="0" failures="0" skipped="0" tests="9" time="1.013" timestamp="2026-05-08T11:26:39.808856+00:00" hostname="agent-env-33f76027-0830-4258-a1c6-4c7b685659d0"><testcase classname="backend.tests.test_afribox_api.TestRoot" name="test_root_service_info" time="0.205" /><testcase classname="backend.tests.test_afribox_api.TestLockers" name="test_list_lockers_returns_10_seed_stations" time="0.058" /><testcase classname="backend.tests.test_afribox_api.TestNewsletter" name="test_subscribe_valid_email" time="0.081" /><testcase classname="backend.tests.test_afribox_api.TestNewsletter" name="test_subscribe_duplicate_returns_409" time="0.140" /><testcase classname="backend.tests.test_afribox_api.TestNewsletter" name="test_subscribe_invalid_email_returns_422" time="0.057" /><testcase classname="backend.tests.test_afribox_api.TestBooking" name="test_create_booking_full_payload" time="0.065" /><testcase classname="backend.tests.test_afribox_api.TestBooking" name="test_create_booking_missing_required_returns_422" time="0.058" /><testcase classname="backend.tests.test_afribox_api.TestBooking" name="test_list_bookings_returns_recent" time="0.116" /><testcase classname="backend.tests.test_afribox_api.TestContact" name="test_create_contact_valid" time="0.068" /></testsuite></testsuites>